Lab3b_PermissionsLab/app/build/intermediates/manifest_merge_blame_file/debug/manifest-merger-blame-debug-report.txt
1<?xml version="1.0" encoding="utf-8"?>
2<manifest xmlns:android="http://schemas.android.com/apk/res/android"
3    package="course.labs.permissionslab"
4    android:versionCode="1"
5    android:versionName="1.0" >
6
7    <uses-sdk
7-->src\main\AndroidManifest.xml:7:5-9:41
8        android:minSdkVersion="21"
8-->src\main\AndroidManifest.xml:8:9-35
9        android:targetSdkVersion="29" />
9-->src\main\AndroidManifest.xml:9:9-38
10
11    <!-- TODO - add uses-permission elements -->
12    <!-- <uses-permission android:name="android.permission.DANGEROUS_ACTIVITY_PERM" ></uses-permission> -->
13
14
15    <!-- <uses-permission -->
16    <!-- android:name="com.android.browser.permission.READ_HISTORY_BOOKMARKS" -->
17    <!-- android:maxSdkVersion="22" /> -->
18
19    <uses-permission android:name="com.android.browser.permission.READ_HISTORY_BOOKMARKS" />
19-->src\main\AndroidManifest.xml:18:5-109
19-->src\main\AndroidManifest.xml:18:22-90
20    <uses-permission android:name="course.labs.permissions.DANGEROUS_ACTIVITY_PERM" />
20-->src\main\AndroidManifest.xml:19:5-103
20-->src\main\AndroidManifest.xml:19:22-84
21
22    <application
22-->src\main\AndroidManifest.xml:21:5-43:19
23        android:allowBackup="true"
23-->src\main\AndroidManifest.xml:22:9-35
24        android:debuggable="true"
25        android:icon="@drawable/ic_launcher"
25-->src\main\AndroidManifest.xml:23:9-45
26        android:label="@string/app_name"
26-->src\main\AndroidManifest.xml:24:9-41
27        android:testOnly="true"
28        android:theme="@style/AppTheme" >
28-->src\main\AndroidManifest.xml:25:9-40
29        <activity
29-->src\main\AndroidManifest.xml:26:9-34:20
30            android:name="course.labs.permissionslab.ActivityLoaderActivity"
30-->src\main\AndroidManifest.xml:27:13-51
31            android:label="@string/title_main" >
31-->src\main\AndroidManifest.xml:28:13-47
32            <intent-filter>
32-->src\main\AndroidManifest.xml:29:13-33:29
33                <action android:name="android.intent.action.MAIN" />
33-->src\main\AndroidManifest.xml:30:17-69
33-->src\main\AndroidManifest.xml:30:25-66
34
35                <category android:name="android.intent.category.LAUNCHER" />
35-->src\main\AndroidManifest.xml:32:17-77
35-->src\main\AndroidManifest.xml:32:27-74
36            </intent-filter>
37        </activity>
38        <activity
38-->src\main\AndroidManifest.xml:35:9-38:20
39            android:name="course.labs.permissionslab.BookmarksActivity"
39-->src\main\AndroidManifest.xml:36:13-46
40            android:label="@string/title_permissions" >
40-->src\main\AndroidManifest.xml:37:13-54
41        </activity>
42        <activity
42-->src\main\AndroidManifest.xml:39:9-42:20
43            android:name="course.labs.permissionslab.GoToDangerousActivity"
43-->src\main\AndroidManifest.xml:40:13-50
44            android:label="@string/title_activity_customization" >
44-->src\main\AndroidManifest.xml:41:13-65
45        </activity>
46    </application>
47
48</manifest>